[2024-04-22 23:14:29] [error] POST /api/auth/login undefined ::1 Guest "Error: User not found\n    at Module.login (file:///C:/Users/josem/Desktop/EXAM_BLOGGING-API/src/services/auth.service.js:22:11)\n    at process.processTicksAndRejections (node:internal/process/task_queues:95:5)\n    at async login (file:///C:/Users/josem/Desktop/EXAM_BLOGGING-API/src/controllers/auth.controller.js:18:20)\n    at async file:///C:/Users/josem/Desktop/EXAM_BLOGGING-API/src/utils/index.js:23:7"{}
[2024-04-22 23:15:15] [error] POST /api/auth/login undefined ::1 Guest "Error: User not found\n    at Module.login (file:///C:/Users/josem/Desktop/EXAM_BLOGGING-API/src/services/auth.service.js:22:11)\n    at process.processTicksAndRejections (node:internal/process/task_queues:95:5)\n    at async login (file:///C:/Users/josem/Desktop/EXAM_BLOGGING-API/src/controllers/auth.controller.js:18:20)\n    at async file:///C:/Users/josem/Desktop/EXAM_BLOGGING-API/src/utils/index.js:23:7"{}
[2024-04-23 23:05:16] [error] GET /api/ function status(code) {
  if ((typeof code === 'string' || Math.floor(code) !== code) && code > 99 && code < 1000) {
    deprecate('res.status(' + JSON.stringify(code) + '): use res.status(' + Math.floor(code) + ') instead')
  }
  this.statusCode = code;
  return this;
} ::1 Guest {}
[2024-04-23 23:10:06] [error] POST /api/blogs undefined ::1 Guest "Error: No authorization header found\n    at isAuthenticated (file:///C:/Users/josem/Desktop/EXAM_BLOGGING-API/src/middlewares/auth.js:5:29)\n    at Layer.handle [as handle_request] (C:\\Users\\josem\\Desktop\\EXAM_BLOGGING-API\\node_modules\\express\\lib\\router\\layer.js:95:5)\n    at next (C:\\Users\\josem\\Desktop\\EXAM_BLOGGING-API\\node_modules\\express\\lib\\router\\route.js:149:13)\n    at Route.dispatch (C:\\Users\\josem\\Desktop\\EXAM_BLOGGING-API\\node_modules\\express\\lib\\router\\route.js:119:3)\n    at Layer.handle [as handle_request] (C:\\Users\\josem\\Desktop\\EXAM_BLOGGING-API\\node_modules\\express\\lib\\router\\layer.js:95:5)\n    at C:\\Users\\josem\\Desktop\\EXAM_BLOGGING-API\\node_modules\\express\\lib\\router\\index.js:284:15\n    at Function.process_params (C:\\Users\\josem\\Desktop\\EXAM_BLOGGING-API\\node_modules\\express\\lib\\router\\index.js:346:12)\n    at next (C:\\Users\\josem\\Desktop\\EXAM_BLOGGING-API\\node_modules\\express\\lib\\router\\index.js:280:10)\n    at Function.handle (C:\\Users\\josem\\Desktop\\EXAM_BLOGGING-API\\node_modules\\express\\lib\\router\\index.js:175:3)\n    at router (C:\\Users\\josem\\Desktop\\EXAM_BLOGGING-API\\node_modules\\express\\lib\\router\\index.js:47:12)"{}
[2024-04-23 23:10:37] [error] POST /api/blogs undefined ::1 Guest "Error: No authorization header found\n    at isAuthenticated (file:///C:/Users/josem/Desktop/EXAM_BLOGGING-API/src/middlewares/auth.js:5:29)\n    at Layer.handle [as handle_request] (C:\\Users\\josem\\Desktop\\EXAM_BLOGGING-API\\node_modules\\express\\lib\\router\\layer.js:95:5)\n    at next (C:\\Users\\josem\\Desktop\\EXAM_BLOGGING-API\\node_modules\\express\\lib\\router\\route.js:149:13)\n    at Route.dispatch (C:\\Users\\josem\\Desktop\\EXAM_BLOGGING-API\\node_modules\\express\\lib\\router\\route.js:119:3)\n    at Layer.handle [as handle_request] (C:\\Users\\josem\\Desktop\\EXAM_BLOGGING-API\\node_modules\\express\\lib\\router\\layer.js:95:5)\n    at C:\\Users\\josem\\Desktop\\EXAM_BLOGGING-API\\node_modules\\express\\lib\\router\\index.js:284:15\n    at Function.process_params (C:\\Users\\josem\\Desktop\\EXAM_BLOGGING-API\\node_modules\\express\\lib\\router\\index.js:346:12)\n    at next (C:\\Users\\josem\\Desktop\\EXAM_BLOGGING-API\\node_modules\\express\\lib\\router\\index.js:280:10)\n    at Function.handle (C:\\Users\\josem\\Desktop\\EXAM_BLOGGING-API\\node_modules\\express\\lib\\router\\index.js:175:3)\n    at router (C:\\Users\\josem\\Desktop\\EXAM_BLOGGING-API\\node_modules\\express\\lib\\router\\index.js:47:12)"{}
[2024-04-23 23:11:10] [error] POST /api/auth/login undefined ::1 Guest "Error: User not found\n    at Module.login (file:///C:/Users/josem/Desktop/EXAM_BLOGGING-API/src/services/auth.service.js:22:11)\n    at process.processTicksAndRejections (node:internal/process/task_queues:95:5)\n    at async login (file:///C:/Users/josem/Desktop/EXAM_BLOGGING-API/src/controllers/auth.controller.js:18:20)\n    at async file:///C:/Users/josem/Desktop/EXAM_BLOGGING-API/src/utils/index.js:23:7"{}
[2024-04-23 23:12:11] [error] POST /api/auth/login undefined ::1 Guest "Error: Invalid credentials\n    at Module.login (file:///C:/Users/josem/Desktop/EXAM_BLOGGING-API/src/services/auth.service.js:26:11)\n    at async login (file:///C:/Users/josem/Desktop/EXAM_BLOGGING-API/src/controllers/auth.controller.js:18:20)\n    at async file:///C:/Users/josem/Desktop/EXAM_BLOGGING-API/src/utils/index.js:23:7"{}
[2024-04-23 23:18:55] [error] GET /favicon.ico function status(code) {
  if ((typeof code === 'string' || Math.floor(code) !== code) && code > 99 && code < 1000) {
    deprecate('res.status(' + JSON.stringify(code) + '): use res.status(' + Math.floor(code) + ') instead')
  }
  this.statusCode = code;
  return this;
} ::ffff:127.0.0.1 Guest {}
[2024-04-24 10:57:29] [error] PATCH /api/blogs/ function status(code) {
  if ((typeof code === 'string' || Math.floor(code) !== code) && code > 99 && code < 1000) {
    deprecate('res.status(' + JSON.stringify(code) + '): use res.status(' + Math.floor(code) + ') instead')
  }
  this.statusCode = code;
  return this;
} ::1 Guest {}
[2024-04-24 10:59:33] [error] POST /api/blogs/662688073fdbda6d746383d7 function status(code) {
  if ((typeof code === 'string' || Math.floor(code) !== code) && code > 99 && code < 1000) {
    deprecate('res.status(' + JSON.stringify(code) + '): use res.status(' + Math.floor(code) + ') instead')
  }
  this.statusCode = code;
  return this;
} ::1 Guest {}
[2024-04-24 11:00:26] [error] PATCH /api/blogs/662688073fdbda6d746383d7/publish undefined ::1 662688073fdbda6d746383d7 "Error: Blog not found\n    at publishBlogService (file:///C:/Users/josem/Desktop/EXAM_BLOGGING-API/src/services/blog.service.js:110:26)\n    at process.processTicksAndRejections (node:internal/process/task_queues:95:5)\n    at async publishBlog (file:///C:/Users/josem/Desktop/EXAM_BLOGGING-API/src/controllers/blog.controller.js:128:16)\n    at async file:///C:/Users/josem/Desktop/EXAM_BLOGGING-API/src/utils/index.js:23:7"{}
[2024-04-24 23:01:12] [error] PATCH /api/blogs/662688073fdbda6d746383d7/publish undefined ::1 662688073fdbda6d746383d7 "Error: Blog not found\n    at publishBlogService (file:///C:/Users/josem/Desktop/EXAM_BLOGGING-API/src/services/blog.service.js:110:26)\n    at process.processTicksAndRejections (node:internal/process/task_queues:95:5)\n    at async publishBlog (file:///C:/Users/josem/Desktop/EXAM_BLOGGING-API/src/controllers/blog.controller.js:128:16)\n    at async file:///C:/Users/josem/Desktop/EXAM_BLOGGING-API/src/utils/index.js:23:7"{}
[2024-04-24 23:07:20] [error] POST /api/blogs/ undefined ::1 662688073fdbda6d746383d7 "Error: Blog already exist\n    at createBlogService (file:///C:/Users/josem/Desktop/EXAM_BLOGGING-API/src/services/blog.service.js:12:13)\n    at process.processTicksAndRejections (node:internal/process/task_queues:95:5)\n    at async createBlog (file:///C:/Users/josem/Desktop/EXAM_BLOGGING-API/src/controllers/blog.controller.js:19:16)\n    at async file:///C:/Users/josem/Desktop/EXAM_BLOGGING-API/src/utils/index.js:23:7"{}
[2024-05-25 13:35:36] [error] GET / function status(code) {
  if ((typeof code === 'string' || Math.floor(code) !== code) && code > 99 && code < 1000) {
    deprecate('res.status(' + JSON.stringify(code) + '): use res.status(' + Math.floor(code) + ') instead')
  }
  this.statusCode = code;
  return this;
} ::1 Guest {}
[2024-05-25 13:35:36] [error] GET /favicon.ico function status(code) {
  if ((typeof code === 'string' || Math.floor(code) !== code) && code > 99 && code < 1000) {
    deprecate('res.status(' + JSON.stringify(code) + '): use res.status(' + Math.floor(code) + ') instead')
  }
  this.statusCode = code;
  return this;
} ::1 Guest {}
[2024-05-25 13:35:46] [error] GET /posts function status(code) {
  if ((typeof code === 'string' || Math.floor(code) !== code) && code > 99 && code < 1000) {
    deprecate('res.status(' + JSON.stringify(code) + '): use res.status(' + Math.floor(code) + ') instead')
  }
  this.statusCode = code;
  return this;
} ::1 Guest {}
[2024-05-25 13:36:09] [error] GET /posts function status(code) {
  if ((typeof code === 'string' || Math.floor(code) !== code) && code > 99 && code < 1000) {
    deprecate('res.status(' + JSON.stringify(code) + '): use res.status(' + Math.floor(code) + ') instead')
  }
  this.statusCode = code;
  return this;
} ::1 Guest {}
[2024-05-25 15:54:42] [error] GET /favicon.ico function status(code) {
  if ((typeof code === 'string' || Math.floor(code) !== code) && code > 99 && code < 1000) {
    deprecate('res.status(' + JSON.stringify(code) + '): use res.status(' + Math.floor(code) + ') instead')
  }
  this.statusCode = code;
  return this;
} ::1 Guest {}
[2024-05-29 11:47:30] [error] GET /api/v1/login function status(code) {
  if ((typeof code === 'string' || Math.floor(code) !== code) && code > 99 && code < 1000) {
    deprecate('res.status(' + JSON.stringify(code) + '): use res.status(' + Math.floor(code) + ') instead')
  }
  this.statusCode = code;
  return this;
} ::1 Guest {}
[2024-05-29 11:48:28] [error] GET /api/auth/login function status(code) {
  if ((typeof code === 'string' || Math.floor(code) !== code) && code > 99 && code < 1000) {
    deprecate('res.status(' + JSON.stringify(code) + '): use res.status(' + Math.floor(code) + ') instead')
  }
  this.statusCode = code;
  return this;
} ::1 Guest {}
[2024-05-29 11:49:15] [error] GET /api/auth/login function status(code) {
  if ((typeof code === 'string' || Math.floor(code) !== code) && code > 99 && code < 1000) {
    deprecate('res.status(' + JSON.stringify(code) + '): use res.status(' + Math.floor(code) + ') instead')
  }
  this.statusCode = code;
  return this;
} ::1 Guest {}
[2024-05-29 11:50:12] [error] POST /api/auth/login undefined ::1 Guest "Error: Invalid credentials\n    at Module.login (file:///C:/Users/josem/Desktop/EXAM_BLOGGING-API/server/src/services/auth.service.js:26:11)\n    at async login (file:///C:/Users/josem/Desktop/EXAM_BLOGGING-API/server/src/controllers/auth.controller.js:18:20)\n    at async file:///C:/Users/josem/Desktop/EXAM_BLOGGING-API/server/src/utils/index.js:23:7"{}
[2024-05-29 11:58:12] [error] POST /api/auth/login undefined ::1 Guest "Error: Invalid credentials\n    at Module.login (file:///C:/Users/josem/Desktop/EXAM_BLOGGING-API/server/src/services/auth.service.js:26:11)\n    at async login (file:///C:/Users/josem/Desktop/EXAM_BLOGGING-API/server/src/controllers/auth.controller.js:18:20)\n    at async file:///C:/Users/josem/Desktop/EXAM_BLOGGING-API/server/src/utils/index.js:23:7"{}
[2024-05-29 12:06:44] [error] POST /api/auth/login undefined ::1 Guest "Error: Invalid credentials\n    at Module.login (file:///C:/Users/josem/Desktop/EXAM_BLOGGING-API/server/src/services/auth.service.js:26:11)\n    at async login (file:///C:/Users/josem/Desktop/EXAM_BLOGGING-API/server/src/controllers/auth.controller.js:18:20)\n    at async file:///C:/Users/josem/Desktop/EXAM_BLOGGING-API/server/src/utils/index.js:23:7"{}
[2024-05-29 12:09:15] [error] POST /api/auth/login undefined ::1 Guest "Error: Invalid credentials\n    at Module.login (file:///C:/Users/josem/Desktop/EXAM_BLOGGING-API/server/src/services/auth.service.js:26:11)\n    at async login (file:///C:/Users/josem/Desktop/EXAM_BLOGGING-API/server/src/controllers/auth.controller.js:18:20)\n    at async file:///C:/Users/josem/Desktop/EXAM_BLOGGING-API/server/src/utils/index.js:23:7"{}
[2024-05-29 12:10:17] [error] POST /api/auth/login undefined ::1 Guest "Error: Invalid credentials\n    at Module.login (file:///C:/Users/josem/Desktop/EXAM_BLOGGING-API/server/src/services/auth.service.js:26:11)\n    at async login (file:///C:/Users/josem/Desktop/EXAM_BLOGGING-API/server/src/controllers/auth.controller.js:18:20)\n    at async file:///C:/Users/josem/Desktop/EXAM_BLOGGING-API/server/src/utils/index.js:23:7"{}
[2024-05-29 12:11:23] [error] POST /api/auth/login undefined ::1 Guest "Error: Invalid credentials\n    at Module.login (file:///C:/Users/josem/Desktop/EXAM_BLOGGING-API/server/src/services/auth.service.js:26:11)\n    at async login (file:///C:/Users/josem/Desktop/EXAM_BLOGGING-API/server/src/controllers/auth.controller.js:18:20)\n    at async file:///C:/Users/josem/Desktop/EXAM_BLOGGING-API/server/src/utils/index.js:23:7"{}
[2024-05-29 12:12:13] [error] POST /api/auth/login undefined ::1 Guest "Error: Invalid credentials\n    at Module.login (file:///C:/Users/josem/Desktop/EXAM_BLOGGING-API/server/src/services/auth.service.js:26:11)\n    at async login (file:///C:/Users/josem/Desktop/EXAM_BLOGGING-API/server/src/controllers/auth.controller.js:18:20)\n    at async file:///C:/Users/josem/Desktop/EXAM_BLOGGING-API/server/src/utils/index.js:23:7"{}
[2024-05-29 12:14:27] [error] POST /api/auth/login undefined ::1 Guest "Error: Invalid credentials\n    at Module.login (file:///C:/Users/josem/Desktop/EXAM_BLOGGING-API/server/src/services/auth.service.js:26:11)\n    at async login (file:///C:/Users/josem/Desktop/EXAM_BLOGGING-API/server/src/controllers/auth.controller.js:18:20)\n    at async file:///C:/Users/josem/Desktop/EXAM_BLOGGING-API/server/src/utils/index.js:23:7"{}
[2024-05-29 12:15:34] [error] POST /api/auth/login undefined ::1 Guest "Error: Invalid credentials\n    at Module.login (file:///C:/Users/josem/Desktop/EXAM_BLOGGING-API/server/src/services/auth.service.js:26:11)\n    at async login (file:///C:/Users/josem/Desktop/EXAM_BLOGGING-API/server/src/controllers/auth.controller.js:18:20)\n    at async file:///C:/Users/josem/Desktop/EXAM_BLOGGING-API/server/src/utils/index.js:23:7"{}
[2024-05-29 12:19:08] [error] POST /api/auth/login undefined ::1 Guest "Error: Invalid credentials\n    at Module.login (file:///C:/Users/josem/Desktop/EXAM_BLOGGING-API/server/src/services/auth.service.js:26:11)\n    at async login (file:///C:/Users/josem/Desktop/EXAM_BLOGGING-API/server/src/controllers/auth.controller.js:18:20)\n    at async file:///C:/Users/josem/Desktop/EXAM_BLOGGING-API/server/src/utils/index.js:23:7"{}
[2024-05-29 12:19:08] [error] POST /api/auth/login function status(code) {
  if ((typeof code === 'string' || Math.floor(code) !== code) && code > 99 && code < 1000) {
    deprecate('res.status(' + JSON.stringify(code) + '): use res.status(' + Math.floor(code) + ') instead')
  }
  this.statusCode = code;
  return this;
} ::1 Guest {}
[2024-05-29 12:19:36] [error] POST /api/auth/login undefined ::1 Guest "Error: Invalid credentials\n    at Module.login (file:///C:/Users/josem/Desktop/EXAM_BLOGGING-API/server/src/services/auth.service.js:26:11)\n    at async login (file:///C:/Users/josem/Desktop/EXAM_BLOGGING-API/server/src/controllers/auth.controller.js:18:20)\n    at async file:///C:/Users/josem/Desktop/EXAM_BLOGGING-API/server/src/utils/index.js:23:7"{}
[2024-05-29 12:24:36] [error] POST /api/auth/login 500 ::1 Guest "Error: Invalid credentials\n    at Module.login (file:///C:/Users/josem/Desktop/EXAM_BLOGGING-API/server/src/services/auth.service.js:26:11)\n    at async login (file:///C:/Users/josem/Desktop/EXAM_BLOGGING-API/server/src/controllers/auth.controller.js:18:20)\n    at async file:///C:/Users/josem/Desktop/EXAM_BLOGGING-API/server/src/utils/index.js:23:7"{}
[2024-05-29 12:26:32] [error] POST /api/auth/login 500 ::1 Guest "Error: Invalid credentials\n    at Module.login (file:///C:/Users/josem/Desktop/EXAM_BLOGGING-API/server/src/services/auth.service.js:26:11)\n    at async login (file:///C:/Users/josem/Desktop/EXAM_BLOGGING-API/server/src/controllers/auth.controller.js:18:20)\n    at async file:///C:/Users/josem/Desktop/EXAM_BLOGGING-API/server/src/utils/index.js:23:7"{}
[2024-05-29 13:23:28] [error] POST /api/auth/signup 500 ::1 Guest "Error: \"first_name\" is required\n    at validate (file:///C:/Users/josem/Desktop/EXAM_BLOGGING-API/server/src/utils/index.js:36:13)\n    at signUp (file:///C:/Users/josem/Desktop/EXAM_BLOGGING-API/server/src/controllers/auth.controller.js:6:3)\n    at file:///C:/Users/josem/Desktop/EXAM_BLOGGING-API/server/src/utils/index.js:23:13\n    at newFn (C:\\Users\\josem\\Desktop\\EXAM_BLOGGING-API\\server\\node_modules\\express-async-errors\\index.js:16:20)\n    at Layer.handle [as handle_request] (C:\\Users\\josem\\Desktop\\EXAM_BLOGGING-API\\server\\node_modules\\express\\lib\\router\\layer.js:95:5)\n    at next (C:\\Users\\josem\\Desktop\\EXAM_BLOGGING-API\\server\\node_modules\\express\\lib\\router\\route.js:149:13)\n    at Route.dispatch (C:\\Users\\josem\\Desktop\\EXAM_BLOGGING-API\\server\\node_modules\\express\\lib\\router\\route.js:119:3)\n    at newFn (C:\\Users\\josem\\Desktop\\EXAM_BLOGGING-API\\server\\node_modules\\express-async-errors\\index.js:16:20)\n    at Layer.handle [as handle_request] (C:\\Users\\josem\\Desktop\\EXAM_BLOGGING-API\\server\\node_modules\\express\\lib\\router\\layer.js:95:5)\n    at C:\\Users\\josem\\Desktop\\EXAM_BLOGGING-API\\server\\node_modules\\express\\lib\\router\\index.js:284:15"{}
[2024-05-29 13:23:40] [error] POST /api/auth/login 500 ::1 Guest "Error: Invalid credentials\n    at Module.login (file:///C:/Users/josem/Desktop/EXAM_BLOGGING-API/server/src/services/auth.service.js:26:11)\n    at async login (file:///C:/Users/josem/Desktop/EXAM_BLOGGING-API/server/src/controllers/auth.controller.js:18:20)\n    at async file:///C:/Users/josem/Desktop/EXAM_BLOGGING-API/server/src/utils/index.js:23:7"{}
[2024-05-29 13:23:46] [error] POST /api/auth/login 500 ::1 Guest "Error: Invalid credentials\n    at Module.login (file:///C:/Users/josem/Desktop/EXAM_BLOGGING-API/server/src/services/auth.service.js:26:11)\n    at async login (file:///C:/Users/josem/Desktop/EXAM_BLOGGING-API/server/src/controllers/auth.controller.js:18:20)\n    at async file:///C:/Users/josem/Desktop/EXAM_BLOGGING-API/server/src/utils/index.js:23:7"{}
[2024-05-29 13:30:13] [error] PATCH /api/blogs/662982aed6ade7a62df8bbf3/publish 500 ::1 662687e73fdbda6d746383d4 "Error: You are not authorized to publish blog\n    at publishBlogService (file:///C:/Users/josem/Desktop/EXAM_BLOGGING-API/server/src/services/blog.service.js:118:20)\n    at process.processTicksAndRejections (node:internal/process/task_queues:95:5)\n    at async publishBlog (file:///C:/Users/josem/Desktop/EXAM_BLOGGING-API/server/src/controllers/blog.controller.js:131:16)\n    at async file:///C:/Users/josem/Desktop/EXAM_BLOGGING-API/server/src/utils/index.js:23:7"{}
[2024-05-29 13:30:46] [error] PATCH /api/blogs/662687e73fdbda6d746383d4/publish 500 ::1 662687e73fdbda6d746383d4 "Error: Blog not found\n    at publishBlogService (file:///C:/Users/josem/Desktop/EXAM_BLOGGING-API/server/src/services/blog.service.js:110:26)\n    at process.processTicksAndRejections (node:internal/process/task_queues:95:5)\n    at async publishBlog (file:///C:/Users/josem/Desktop/EXAM_BLOGGING-API/server/src/controllers/blog.controller.js:131:16)\n    at async file:///C:/Users/josem/Desktop/EXAM_BLOGGING-API/server/src/utils/index.js:23:7"{}
[2024-05-29 13:35:08] [error] PATCH /api/blogs/ function status(code) {
  if ((typeof code === 'string' || Math.floor(code) !== code) && code > 99 && code < 1000) {
    deprecate('res.status(' + JSON.stringify(code) + '): use res.status(' + Math.floor(code) + ') instead')
  }
  this.statusCode = code;
  return this;
} ::1 Guest {}
[2024-05-29 13:49:04] [error] PATCH /api/blogs/662687e73fdbda6d746383d4/publish 500 ::1 662687e73fdbda6d746383d4 "Error: Blog not found\n    at publishBlogService (file:///C:/Users/josem/Desktop/EXAM_BLOGGING-API/server/src/services/blog.service.js:110:26)\n    at process.processTicksAndRejections (node:internal/process/task_queues:95:5)\n    at async publishBlog (file:///C:/Users/josem/Desktop/EXAM_BLOGGING-API/server/src/controllers/blog.controller.js:131:16)\n    at async file:///C:/Users/josem/Desktop/EXAM_BLOGGING-API/server/src/utils/index.js:23:7"{}
[2024-05-29 13:49:16] [error] PATCH /api/blogs/662687e73fdbda6d746383d4/publish 500 ::1 662687e73fdbda6d746383d4 "Error: Blog not found\n    at publishBlogService (file:///C:/Users/josem/Desktop/EXAM_BLOGGING-API/server/src/services/blog.service.js:110:26)\n    at process.processTicksAndRejections (node:internal/process/task_queues:95:5)\n    at async publishBlog (file:///C:/Users/josem/Desktop/EXAM_BLOGGING-API/server/src/controllers/blog.controller.js:131:16)\n    at async file:///C:/Users/josem/Desktop/EXAM_BLOGGING-API/server/src/utils/index.js:23:7"{}
[2024-05-29 14:03:12] [error] GET /auth/blog/posts function status(code) {
  if ((typeof code === 'string' || Math.floor(code) !== code) && code > 99 && code < 1000) {
    deprecate('res.status(' + JSON.stringify(code) + '): use res.status(' + Math.floor(code) + ') instead')
  }
  this.statusCode = code;
  return this;
} ::1 Guest {}
[2024-05-29 14:03:48] [error] GET /api/blog/posts function status(code) {
  if ((typeof code === 'string' || Math.floor(code) !== code) && code > 99 && code < 1000) {
    deprecate('res.status(' + JSON.stringify(code) + '): use res.status(' + Math.floor(code) + ') instead')
  }
  this.statusCode = code;
  return this;
} ::1 Guest {}
[2024-05-29 14:07:14] [error] GET /api/blogs/posts/undefined 500 ::1 Guest "Error: The id must be exactly 24 characters long.\n    at validate (file:///C:/Users/josem/Desktop/EXAM_BLOGGING-API/server/src/utils/index.js:36:13)\n    at getBlog (file:///C:/Users/josem/Desktop/EXAM_BLOGGING-API/server/src/controllers/blog.controller.js:30:18)\n    at file:///C:/Users/josem/Desktop/EXAM_BLOGGING-API/server/src/utils/index.js:23:13\n    at newFn (C:\\Users\\josem\\Desktop\\EXAM_BLOGGING-API\\server\\node_modules\\express-async-errors\\index.js:16:20)\n    at Layer.handle [as handle_request] (C:\\Users\\josem\\Desktop\\EXAM_BLOGGING-API\\server\\node_modules\\express\\lib\\router\\layer.js:95:5)\n    at next (C:\\Users\\josem\\Desktop\\EXAM_BLOGGING-API\\server\\node_modules\\express\\lib\\router\\route.js:149:13)\n    at Route.dispatch (C:\\Users\\josem\\Desktop\\EXAM_BLOGGING-API\\server\\node_modules\\express\\lib\\router\\route.js:119:3)\n    at newFn (C:\\Users\\josem\\Desktop\\EXAM_BLOGGING-API\\server\\node_modules\\express-async-errors\\index.js:16:20)\n    at Layer.handle [as handle_request] (C:\\Users\\josem\\Desktop\\EXAM_BLOGGING-API\\server\\node_modules\\express\\lib\\router\\layer.js:95:5)\n    at C:\\Users\\josem\\Desktop\\EXAM_BLOGGING-API\\server\\node_modules\\express\\lib\\router\\index.js:284:15"{}
[2024-05-29 14:09:28] [error] GET /api/blogs/posts/undefined 500 ::1 Guest "Error: The id must be exactly 24 characters long.\n    at validate (file:///C:/Users/josem/Desktop/EXAM_BLOGGING-API/server/src/utils/index.js:36:13)\n    at getBlog (file:///C:/Users/josem/Desktop/EXAM_BLOGGING-API/server/src/controllers/blog.controller.js:30:18)\n    at file:///C:/Users/josem/Desktop/EXAM_BLOGGING-API/server/src/utils/index.js:23:13\n    at newFn (C:\\Users\\josem\\Desktop\\EXAM_BLOGGING-API\\server\\node_modules\\express-async-errors\\index.js:16:20)\n    at Layer.handle [as handle_request] (C:\\Users\\josem\\Desktop\\EXAM_BLOGGING-API\\server\\node_modules\\express\\lib\\router\\layer.js:95:5)\n    at next (C:\\Users\\josem\\Desktop\\EXAM_BLOGGING-API\\server\\node_modules\\express\\lib\\router\\route.js:149:13)\n    at Route.dispatch (C:\\Users\\josem\\Desktop\\EXAM_BLOGGING-API\\server\\node_modules\\express\\lib\\router\\route.js:119:3)\n    at newFn (C:\\Users\\josem\\Desktop\\EXAM_BLOGGING-API\\server\\node_modules\\express-async-errors\\index.js:16:20)\n    at Layer.handle [as handle_request] (C:\\Users\\josem\\Desktop\\EXAM_BLOGGING-API\\server\\node_modules\\express\\lib\\router\\layer.js:95:5)\n    at C:\\Users\\josem\\Desktop\\EXAM_BLOGGING-API\\server\\node_modules\\express\\lib\\router\\index.js:284:15"{}
[2024-05-29 14:09:35] [error] GET /api/blogs/posts/undefined 500 ::1 Guest "Error: The id must be exactly 24 characters long.\n    at validate (file:///C:/Users/josem/Desktop/EXAM_BLOGGING-API/server/src/utils/index.js:36:13)\n    at getBlog (file:///C:/Users/josem/Desktop/EXAM_BLOGGING-API/server/src/controllers/blog.controller.js:30:18)\n    at file:///C:/Users/josem/Desktop/EXAM_BLOGGING-API/server/src/utils/index.js:23:13\n    at newFn (C:\\Users\\josem\\Desktop\\EXAM_BLOGGING-API\\server\\node_modules\\express-async-errors\\index.js:16:20)\n    at Layer.handle [as handle_request] (C:\\Users\\josem\\Desktop\\EXAM_BLOGGING-API\\server\\node_modules\\express\\lib\\router\\layer.js:95:5)\n    at next (C:\\Users\\josem\\Desktop\\EXAM_BLOGGING-API\\server\\node_modules\\express\\lib\\router\\route.js:149:13)\n    at Route.dispatch (C:\\Users\\josem\\Desktop\\EXAM_BLOGGING-API\\server\\node_modules\\express\\lib\\router\\route.js:119:3)\n    at newFn (C:\\Users\\josem\\Desktop\\EXAM_BLOGGING-API\\server\\node_modules\\express-async-errors\\index.js:16:20)\n    at Layer.handle [as handle_request] (C:\\Users\\josem\\Desktop\\EXAM_BLOGGING-API\\server\\node_modules\\express\\lib\\router\\layer.js:95:5)\n    at C:\\Users\\josem\\Desktop\\EXAM_BLOGGING-API\\server\\node_modules\\express\\lib\\router\\index.js:284:15"{}
[2024-05-29 14:09:39] [error] GET /api/blogs/posts/undefined 500 ::1 Guest "Error: The id must be exactly 24 characters long.\n    at validate (file:///C:/Users/josem/Desktop/EXAM_BLOGGING-API/server/src/utils/index.js:36:13)\n    at getBlog (file:///C:/Users/josem/Desktop/EXAM_BLOGGING-API/server/src/controllers/blog.controller.js:30:18)\n    at file:///C:/Users/josem/Desktop/EXAM_BLOGGING-API/server/src/utils/index.js:23:13\n    at newFn (C:\\Users\\josem\\Desktop\\EXAM_BLOGGING-API\\server\\node_modules\\express-async-errors\\index.js:16:20)\n    at Layer.handle [as handle_request] (C:\\Users\\josem\\Desktop\\EXAM_BLOGGING-API\\server\\node_modules\\express\\lib\\router\\layer.js:95:5)\n    at next (C:\\Users\\josem\\Desktop\\EXAM_BLOGGING-API\\server\\node_modules\\express\\lib\\router\\route.js:149:13)\n    at Route.dispatch (C:\\Users\\josem\\Desktop\\EXAM_BLOGGING-API\\server\\node_modules\\express\\lib\\router\\route.js:119:3)\n    at newFn (C:\\Users\\josem\\Desktop\\EXAM_BLOGGING-API\\server\\node_modules\\express-async-errors\\index.js:16:20)\n    at Layer.handle [as handle_request] (C:\\Users\\josem\\Desktop\\EXAM_BLOGGING-API\\server\\node_modules\\express\\lib\\router\\layer.js:95:5)\n    at C:\\Users\\josem\\Desktop\\EXAM_BLOGGING-API\\server\\node_modules\\express\\lib\\router\\index.js:284:15"{}
[2024-05-29 14:10:16] [error] GET /api/blogs/posts/undefined 500 ::1 Guest "Error: The id must be exactly 24 characters long.\n    at validate (file:///C:/Users/josem/Desktop/EXAM_BLOGGING-API/server/src/utils/index.js:36:13)\n    at getBlog (file:///C:/Users/josem/Desktop/EXAM_BLOGGING-API/server/src/controllers/blog.controller.js:30:18)\n    at file:///C:/Users/josem/Desktop/EXAM_BLOGGING-API/server/src/utils/index.js:23:13\n    at newFn (C:\\Users\\josem\\Desktop\\EXAM_BLOGGING-API\\server\\node_modules\\express-async-errors\\index.js:16:20)\n    at Layer.handle [as handle_request] (C:\\Users\\josem\\Desktop\\EXAM_BLOGGING-API\\server\\node_modules\\express\\lib\\router\\layer.js:95:5)\n    at next (C:\\Users\\josem\\Desktop\\EXAM_BLOGGING-API\\server\\node_modules\\express\\lib\\router\\route.js:149:13)\n    at Route.dispatch (C:\\Users\\josem\\Desktop\\EXAM_BLOGGING-API\\server\\node_modules\\express\\lib\\router\\route.js:119:3)\n    at newFn (C:\\Users\\josem\\Desktop\\EXAM_BLOGGING-API\\server\\node_modules\\express-async-errors\\index.js:16:20)\n    at Layer.handle [as handle_request] (C:\\Users\\josem\\Desktop\\EXAM_BLOGGING-API\\server\\node_modules\\express\\lib\\router\\layer.js:95:5)\n    at C:\\Users\\josem\\Desktop\\EXAM_BLOGGING-API\\server\\node_modules\\express\\lib\\router\\index.js:284:15"{}
[2024-05-29 14:10:22] [error] GET /api/blogs/posts/undefined 500 ::1 Guest "Error: The id must be exactly 24 characters long.\n    at validate (file:///C:/Users/josem/Desktop/EXAM_BLOGGING-API/server/src/utils/index.js:36:13)\n    at getBlog (file:///C:/Users/josem/Desktop/EXAM_BLOGGING-API/server/src/controllers/blog.controller.js:30:18)\n    at file:///C:/Users/josem/Desktop/EXAM_BLOGGING-API/server/src/utils/index.js:23:13\n    at newFn (C:\\Users\\josem\\Desktop\\EXAM_BLOGGING-API\\server\\node_modules\\express-async-errors\\index.js:16:20)\n    at Layer.handle [as handle_request] (C:\\Users\\josem\\Desktop\\EXAM_BLOGGING-API\\server\\node_modules\\express\\lib\\router\\layer.js:95:5)\n    at next (C:\\Users\\josem\\Desktop\\EXAM_BLOGGING-API\\server\\node_modules\\express\\lib\\router\\route.js:149:13)\n    at Route.dispatch (C:\\Users\\josem\\Desktop\\EXAM_BLOGGING-API\\server\\node_modules\\express\\lib\\router\\route.js:119:3)\n    at newFn (C:\\Users\\josem\\Desktop\\EXAM_BLOGGING-API\\server\\node_modules\\express-async-errors\\index.js:16:20)\n    at Layer.handle [as handle_request] (C:\\Users\\josem\\Desktop\\EXAM_BLOGGING-API\\server\\node_modules\\express\\lib\\router\\layer.js:95:5)\n    at C:\\Users\\josem\\Desktop\\EXAM_BLOGGING-API\\server\\node_modules\\express\\lib\\router\\index.js:284:15"{}
[2024-05-29 14:10:29] [error] GET /api/blogs/posts/undefined 500 ::1 Guest "Error: The id must be exactly 24 characters long.\n    at validate (file:///C:/Users/josem/Desktop/EXAM_BLOGGING-API/server/src/utils/index.js:36:13)\n    at getBlog (file:///C:/Users/josem/Desktop/EXAM_BLOGGING-API/server/src/controllers/blog.controller.js:30:18)\n    at file:///C:/Users/josem/Desktop/EXAM_BLOGGING-API/server/src/utils/index.js:23:13\n    at newFn (C:\\Users\\josem\\Desktop\\EXAM_BLOGGING-API\\server\\node_modules\\express-async-errors\\index.js:16:20)\n    at Layer.handle [as handle_request] (C:\\Users\\josem\\Desktop\\EXAM_BLOGGING-API\\server\\node_modules\\express\\lib\\router\\layer.js:95:5)\n    at next (C:\\Users\\josem\\Desktop\\EXAM_BLOGGING-API\\server\\node_modules\\express\\lib\\router\\route.js:149:13)\n    at Route.dispatch (C:\\Users\\josem\\Desktop\\EXAM_BLOGGING-API\\server\\node_modules\\express\\lib\\router\\route.js:119:3)\n    at newFn (C:\\Users\\josem\\Desktop\\EXAM_BLOGGING-API\\server\\node_modules\\express-async-errors\\index.js:16:20)\n    at Layer.handle [as handle_request] (C:\\Users\\josem\\Desktop\\EXAM_BLOGGING-API\\server\\node_modules\\express\\lib\\router\\layer.js:95:5)\n    at C:\\Users\\josem\\Desktop\\EXAM_BLOGGING-API\\server\\node_modules\\express\\lib\\router\\index.js:284:15"{}
[2024-05-29 14:11:48] [error] GET /api/blogs/posts/undefined 500 ::1 Guest "Error: The id must be exactly 24 characters long.\n    at validate (file:///C:/Users/josem/Desktop/EXAM_BLOGGING-API/server/src/utils/index.js:36:13)\n    at getBlog (file:///C:/Users/josem/Desktop/EXAM_BLOGGING-API/server/src/controllers/blog.controller.js:30:18)\n    at file:///C:/Users/josem/Desktop/EXAM_BLOGGING-API/server/src/utils/index.js:23:13\n    at newFn (C:\\Users\\josem\\Desktop\\EXAM_BLOGGING-API\\server\\node_modules\\express-async-errors\\index.js:16:20)\n    at Layer.handle [as handle_request] (C:\\Users\\josem\\Desktop\\EXAM_BLOGGING-API\\server\\node_modules\\express\\lib\\router\\layer.js:95:5)\n    at next (C:\\Users\\josem\\Desktop\\EXAM_BLOGGING-API\\server\\node_modules\\express\\lib\\router\\route.js:149:13)\n    at Route.dispatch (C:\\Users\\josem\\Desktop\\EXAM_BLOGGING-API\\server\\node_modules\\express\\lib\\router\\route.js:119:3)\n    at newFn (C:\\Users\\josem\\Desktop\\EXAM_BLOGGING-API\\server\\node_modules\\express-async-errors\\index.js:16:20)\n    at Layer.handle [as handle_request] (C:\\Users\\josem\\Desktop\\EXAM_BLOGGING-API\\server\\node_modules\\express\\lib\\router\\layer.js:95:5)\n    at C:\\Users\\josem\\Desktop\\EXAM_BLOGGING-API\\server\\node_modules\\express\\lib\\router\\index.js:284:15"{}
[2024-05-29 14:12:54] [error] GET /api/blogs/posts/undefined 500 ::1 Guest "Error: The id must be exactly 24 characters long.\n    at validate (file:///C:/Users/josem/Desktop/EXAM_BLOGGING-API/server/src/utils/index.js:36:13)\n    at getBlog (file:///C:/Users/josem/Desktop/EXAM_BLOGGING-API/server/src/controllers/blog.controller.js:30:18)\n    at file:///C:/Users/josem/Desktop/EXAM_BLOGGING-API/server/src/utils/index.js:23:13\n    at newFn (C:\\Users\\josem\\Desktop\\EXAM_BLOGGING-API\\server\\node_modules\\express-async-errors\\index.js:16:20)\n    at Layer.handle [as handle_request] (C:\\Users\\josem\\Desktop\\EXAM_BLOGGING-API\\server\\node_modules\\express\\lib\\router\\layer.js:95:5)\n    at next (C:\\Users\\josem\\Desktop\\EXAM_BLOGGING-API\\server\\node_modules\\express\\lib\\router\\route.js:149:13)\n    at Route.dispatch (C:\\Users\\josem\\Desktop\\EXAM_BLOGGING-API\\server\\node_modules\\express\\lib\\router\\route.js:119:3)\n    at newFn (C:\\Users\\josem\\Desktop\\EXAM_BLOGGING-API\\server\\node_modules\\express-async-errors\\index.js:16:20)\n    at Layer.handle [as handle_request] (C:\\Users\\josem\\Desktop\\EXAM_BLOGGING-API\\server\\node_modules\\express\\lib\\router\\layer.js:95:5)\n    at C:\\Users\\josem\\Desktop\\EXAM_BLOGGING-API\\server\\node_modules\\express\\lib\\router\\index.js:284:15"{}
[2024-05-29 14:17:58] [error] GET /posts function status(code) {
  if ((typeof code === 'string' || Math.floor(code) !== code) && code > 99 && code < 1000) {
    deprecate('res.status(' + JSON.stringify(code) + '): use res.status(' + Math.floor(code) + ') instead')
  }
  this.statusCode = code;
  return this;
} ::ffff:127.0.0.1 Guest {}
[2024-05-29 14:17:58] [error] GET /favicon.ico function status(code) {
  if ((typeof code === 'string' || Math.floor(code) !== code) && code > 99 && code < 1000) {
    deprecate('res.status(' + JSON.stringify(code) + '): use res.status(' + Math.floor(code) + ') instead')
  }
  this.statusCode = code;
  return this;
} ::ffff:127.0.0.1 Guest {}
[2024-05-29 14:18:28] [error] GET /posts function status(code) {
  if ((typeof code === 'string' || Math.floor(code) !== code) && code > 99 && code < 1000) {
    deprecate('res.status(' + JSON.stringify(code) + '): use res.status(' + Math.floor(code) + ') instead')
  }
  this.statusCode = code;
  return this;
} ::ffff:127.0.0.1 Guest {}
[2024-05-29 14:18:29] [error] GET /favicon.ico function status(code) {
  if ((typeof code === 'string' || Math.floor(code) !== code) && code > 99 && code < 1000) {
    deprecate('res.status(' + JSON.stringify(code) + '): use res.status(' + Math.floor(code) + ') instead')
  }
  this.statusCode = code;
  return this;
} ::ffff:127.0.0.1 Guest {}
[2024-05-29 14:18:57] [error] GET /favicon.ico function status(code) {
  if ((typeof code === 'string' || Math.floor(code) !== code) && code > 99 && code < 1000) {
    deprecate('res.status(' + JSON.stringify(code) + '): use res.status(' + Math.floor(code) + ') instead')
  }
  this.statusCode = code;
  return this;
} ::ffff:127.0.0.1 Guest {}
[2024-05-29 14:20:02] [error] GET /api/blogs/posts/undefined 500 ::1 Guest "Error: The id must be exactly 24 characters long.\n    at validate (file:///C:/Users/josem/Desktop/EXAM_BLOGGING-API/server/src/utils/index.js:36:13)\n    at getBlog (file:///C:/Users/josem/Desktop/EXAM_BLOGGING-API/server/src/controllers/blog.controller.js:30:18)\n    at file:///C:/Users/josem/Desktop/EXAM_BLOGGING-API/server/src/utils/index.js:23:13\n    at newFn (C:\\Users\\josem\\Desktop\\EXAM_BLOGGING-API\\server\\node_modules\\express-async-errors\\index.js:16:20)\n    at Layer.handle [as handle_request] (C:\\Users\\josem\\Desktop\\EXAM_BLOGGING-API\\server\\node_modules\\express\\lib\\router\\layer.js:95:5)\n    at next (C:\\Users\\josem\\Desktop\\EXAM_BLOGGING-API\\server\\node_modules\\express\\lib\\router\\route.js:149:13)\n    at Route.dispatch (C:\\Users\\josem\\Desktop\\EXAM_BLOGGING-API\\server\\node_modules\\express\\lib\\router\\route.js:119:3)\n    at newFn (C:\\Users\\josem\\Desktop\\EXAM_BLOGGING-API\\server\\node_modules\\express-async-errors\\index.js:16:20)\n    at Layer.handle [as handle_request] (C:\\Users\\josem\\Desktop\\EXAM_BLOGGING-API\\server\\node_modules\\express\\lib\\router\\layer.js:95:5)\n    at C:\\Users\\josem\\Desktop\\EXAM_BLOGGING-API\\server\\node_modules\\express\\lib\\router\\index.js:284:15"{}
[2024-05-29 15:23:45] [error] POST /api/auth/signup 500 ::1 Guest "Error: \"first_name\" is required\n    at validate (file:///C:/Users/josem/Desktop/EXAM_BLOGGING-API/server/src/utils/index.js:36:13)\n    at signUp (file:///C:/Users/josem/Desktop/EXAM_BLOGGING-API/server/src/controllers/auth.controller.js:6:3)\n    at file:///C:/Users/josem/Desktop/EXAM_BLOGGING-API/server/src/utils/index.js:23:13\n    at newFn (C:\\Users\\josem\\Desktop\\EXAM_BLOGGING-API\\server\\node_modules\\express-async-errors\\index.js:16:20)\n    at Layer.handle [as handle_request] (C:\\Users\\josem\\Desktop\\EXAM_BLOGGING-API\\server\\node_modules\\express\\lib\\router\\layer.js:95:5)\n    at next (C:\\Users\\josem\\Desktop\\EXAM_BLOGGING-API\\server\\node_modules\\express\\lib\\router\\route.js:149:13)\n    at Route.dispatch (C:\\Users\\josem\\Desktop\\EXAM_BLOGGING-API\\server\\node_modules\\express\\lib\\router\\route.js:119:3)\n    at newFn (C:\\Users\\josem\\Desktop\\EXAM_BLOGGING-API\\server\\node_modules\\express-async-errors\\index.js:16:20)\n    at Layer.handle [as handle_request] (C:\\Users\\josem\\Desktop\\EXAM_BLOGGING-API\\server\\node_modules\\express\\lib\\router\\layer.js:95:5)\n    at C:\\Users\\josem\\Desktop\\EXAM_BLOGGING-API\\server\\node_modules\\express\\lib\\router\\index.js:284:15"{}
[2024-05-30 10:15:10] [error] GET /favicon.ico function status(code) {
  if ((typeof code === 'string' || Math.floor(code) !== code) && code > 99 && code < 1000) {
    deprecate('res.status(' + JSON.stringify(code) + '): use res.status(' + Math.floor(code) + ') instead')
  }
  this.statusCode = code;
  return this;
} ::ffff:127.0.0.1 Guest {}
[2024-05-30 10:22:47] [error] GET /favicon.ico function status(code) {
  if ((typeof code === 'string' || Math.floor(code) !== code) && code > 99 && code < 1000) {
    deprecate('res.status(' + JSON.stringify(code) + '): use res.status(' + Math.floor(code) + ') instead')
  }
  this.statusCode = code;
  return this;
} ::ffff:127.0.0.1 Guest {}
[2024-05-30 10:23:41] [error] GET /favicon.ico function status(code) {
  if ((typeof code === 'string' || Math.floor(code) !== code) && code > 99 && code < 1000) {
    deprecate('res.status(' + JSON.stringify(code) + '): use res.status(' + Math.floor(code) + ') instead')
  }
  this.statusCode = code;
  return this;
} ::ffff:127.0.0.1 Guest {}
[2024-05-30 10:24:19] [error] GET /favicon.ico function status(code) {
  if ((typeof code === 'string' || Math.floor(code) !== code) && code > 99 && code < 1000) {
    deprecate('res.status(' + JSON.stringify(code) + '): use res.status(' + Math.floor(code) + ') instead')
  }
  this.statusCode = code;
  return this;
} ::1 Guest {}
[2024-05-30 10:24:36] [error] GET /favicon.ico function status(code) {
  if ((typeof code === 'string' || Math.floor(code) !== code) && code > 99 && code < 1000) {
    deprecate('res.status(' + JSON.stringify(code) + '): use res.status(' + Math.floor(code) + ') instead')
  }
  this.statusCode = code;
  return this;
} ::ffff:127.0.0.1 Guest {}
[2024-05-30 10:25:15] [error] GET /favicon.ico function status(code) {
  if ((typeof code === 'string' || Math.floor(code) !== code) && code > 99 && code < 1000) {
    deprecate('res.status(' + JSON.stringify(code) + '): use res.status(' + Math.floor(code) + ') instead')
  }
  this.statusCode = code;
  return this;
} ::ffff:127.0.0.1 Guest {}
[2024-05-30 10:27:00] [error] GET /favicon.ico function status(code) {
  if ((typeof code === 'string' || Math.floor(code) !== code) && code > 99 && code < 1000) {
    deprecate('res.status(' + JSON.stringify(code) + '): use res.status(' + Math.floor(code) + ') instead')
  }
  this.statusCode = code;
  return this;
} ::ffff:127.0.0.1 Guest {}
[2024-05-30 10:27:24] [error] GET /favicon.ico function status(code) {
  if ((typeof code === 'string' || Math.floor(code) !== code) && code > 99 && code < 1000) {
    deprecate('res.status(' + JSON.stringify(code) + '): use res.status(' + Math.floor(code) + ') instead')
  }
  this.statusCode = code;
  return this;
} ::ffff:127.0.0.1 Guest {}
[2024-05-30 10:27:47] [error] GET /favicon.ico function status(code) {
  if ((typeof code === 'string' || Math.floor(code) !== code) && code > 99 && code < 1000) {
    deprecate('res.status(' + JSON.stringify(code) + '): use res.status(' + Math.floor(code) + ') instead')
  }
  this.statusCode = code;
  return this;
} ::ffff:127.0.0.1 Guest {}
[2024-05-30 10:28:50] [error] GET /api/blogs/posts/ 500 ::ffff:127.0.0.1 Guest "ReferenceError: author is not defined\n    at getAllPublishedBlogs (file:///C:/Users/josem/Desktop/EXAM_BLOGGING-API/server/src/controllers/blog.controller.js:88:26)\n    at file:///C:/Users/josem/Desktop/EXAM_BLOGGING-API/server/src/utils/index.js:23:13\n    at newFn (C:\\Users\\josem\\Desktop\\EXAM_BLOGGING-API\\server\\node_modules\\express-async-errors\\index.js:16:20)\n    at Layer.handle [as handle_request] (C:\\Users\\josem\\Desktop\\EXAM_BLOGGING-API\\server\\node_modules\\express\\lib\\router\\layer.js:95:5)\n    at next (C:\\Users\\josem\\Desktop\\EXAM_BLOGGING-API\\server\\node_modules\\express\\lib\\router\\route.js:149:13)\n    at Route.dispatch (C:\\Users\\josem\\Desktop\\EXAM_BLOGGING-API\\server\\node_modules\\express\\lib\\router\\route.js:119:3)\n    at newFn (C:\\Users\\josem\\Desktop\\EXAM_BLOGGING-API\\server\\node_modules\\express-async-errors\\index.js:16:20)\n    at Layer.handle [as handle_request] (C:\\Users\\josem\\Desktop\\EXAM_BLOGGING-API\\server\\node_modules\\express\\lib\\router\\layer.js:95:5)\n    at C:\\Users\\josem\\Desktop\\EXAM_BLOGGING-API\\server\\node_modules\\express\\lib\\router\\index.js:284:15\n    at Function.process_params (C:\\Users\\josem\\Desktop\\EXAM_BLOGGING-API\\server\\node_modules\\express\\lib\\router\\index.js:346:12)"{}
[2024-05-30 10:28:50] [error] GET /favicon.ico function status(code) {
  if ((typeof code === 'string' || Math.floor(code) !== code) && code > 99 && code < 1000) {
    deprecate('res.status(' + JSON.stringify(code) + '): use res.status(' + Math.floor(code) + ') instead')
  }
  this.statusCode = code;
  return this;
} ::ffff:127.0.0.1 Guest {}
[2024-05-30 10:50:36] [error] GET /favicon.ico function status(code) {
  if ((typeof code === 'string' || Math.floor(code) !== code) && code > 99 && code < 1000) {
    deprecate('res.status(' + JSON.stringify(code) + '): use res.status(' + Math.floor(code) + ') instead')
  }
  this.statusCode = code;
  return this;
} ::ffff:127.0.0.1 Guest {}
[2024-05-30 10:52:23] [error] GET /favicon.ico function status(code) {
  if ((typeof code === 'string' || Math.floor(code) !== code) && code > 99 && code < 1000) {
    deprecate('res.status(' + JSON.stringify(code) + '): use res.status(' + Math.floor(code) + ') instead')
  }
  this.statusCode = code;
  return this;
} ::ffff:127.0.0.1 Guest {}
[2024-05-30 10:52:30] [error] GET /favicon.ico function status(code) {
  if ((typeof code === 'string' || Math.floor(code) !== code) && code > 99 && code < 1000) {
    deprecate('res.status(' + JSON.stringify(code) + '): use res.status(' + Math.floor(code) + ') instead')
  }
  this.statusCode = code;
  return this;
} ::ffff:127.0.0.1 Guest {}
[2024-05-30 10:53:33] [error] GET /favicon.ico function status(code) {
  if ((typeof code === 'string' || Math.floor(code) !== code) && code > 99 && code < 1000) {
    deprecate('res.status(' + JSON.stringify(code) + '): use res.status(' + Math.floor(code) + ') instead')
  }
  this.statusCode = code;
  return this;
} ::ffff:127.0.0.1 Guest {}
[2024-05-30 10:53:35] [error] GET /favicon.ico function status(code) {
  if ((typeof code === 'string' || Math.floor(code) !== code) && code > 99 && code < 1000) {
    deprecate('res.status(' + JSON.stringify(code) + '): use res.status(' + Math.floor(code) + ') instead')
  }
  this.statusCode = code;
  return this;
} ::ffff:127.0.0.1 Guest {}
[2024-05-30 11:01:35] [error] GET /api/blogs/posts/ 500 ::ffff:127.0.0.1 Guest "ReferenceError: redisClient is not defined\n    at getAllPublishedBlogsService (file:///C:/Users/josem/Desktop/EXAM_BLOGGING-API/server/src/services/blog.service.js:73:22)\n    at process.processTicksAndRejections (node:internal/process/task_queues:95:5)\n    at async getAllPublishedBlogs (file:///C:/Users/josem/Desktop/EXAM_BLOGGING-API/server/src/controllers/blog.controller.js:98:31)\n    at async file:///C:/Users/josem/Desktop/EXAM_BLOGGING-API/server/src/utils/index.js:23:7"{}
[2024-05-30 11:01:35] [error] GET /favicon.ico function status(code) {
  if ((typeof code === 'string' || Math.floor(code) !== code) && code > 99 && code < 1000) {
    deprecate('res.status(' + JSON.stringify(code) + '): use res.status(' + Math.floor(code) + ') instead')
  }
  this.statusCode = code;
  return this;
} ::ffff:127.0.0.1 Guest {}
[2024-05-30 11:04:42] [error] GET /favicon.ico function status(code) {
  if ((typeof code === 'string' || Math.floor(code) !== code) && code > 99 && code < 1000) {
    deprecate('res.status(' + JSON.stringify(code) + '): use res.status(' + Math.floor(code) + ') instead')
  }
  this.statusCode = code;
  return this;
} ::ffff:127.0.0.1 Guest {}
[2024-05-30 11:04:53] [error] GET /favicon.ico function status(code) {
  if ((typeof code === 'string' || Math.floor(code) !== code) && code > 99 && code < 1000) {
    deprecate('res.status(' + JSON.stringify(code) + '): use res.status(' + Math.floor(code) + ') instead')
  }
  this.statusCode = code;
  return this;
} ::ffff:127.0.0.1 Guest {}
[2024-05-30 11:06:04] [error] GET /favicon.ico function status(code) {
  if ((typeof code === 'string' || Math.floor(code) !== code) && code > 99 && code < 1000) {
    deprecate('res.status(' + JSON.stringify(code) + '): use res.status(' + Math.floor(code) + ') instead')
  }
  this.statusCode = code;
  return this;
} ::ffff:127.0.0.1 Guest {}
[2024-05-30 11:06:11] [error] GET /favicon.ico function status(code) {
  if ((typeof code === 'string' || Math.floor(code) !== code) && code > 99 && code < 1000) {
    deprecate('res.status(' + JSON.stringify(code) + '): use res.status(' + Math.floor(code) + ') instead')
  }
  this.statusCode = code;
  return this;
} ::ffff:127.0.0.1 Guest {}
[2024-05-30 11:06:55] [error] GET /favicon.ico function status(code) {
  if ((typeof code === 'string' || Math.floor(code) !== code) && code > 99 && code < 1000) {
    deprecate('res.status(' + JSON.stringify(code) + '): use res.status(' + Math.floor(code) + ') instead')
  }
  this.statusCode = code;
  return this;
} ::ffff:127.0.0.1 Guest {}
[2024-05-30 11:09:25] [error] GET /favicon.ico function status(code) {
  if ((typeof code === 'string' || Math.floor(code) !== code) && code > 99 && code < 1000) {
    deprecate('res.status(' + JSON.stringify(code) + '): use res.status(' + Math.floor(code) + ') instead')
  }
  this.statusCode = code;
  return this;
} ::ffff:127.0.0.1 Guest {}
[2024-05-30 11:09:28] [error] GET /favicon.ico function status(code) {
  if ((typeof code === 'string' || Math.floor(code) !== code) && code > 99 && code < 1000) {
    deprecate('res.status(' + JSON.stringify(code) + '): use res.status(' + Math.floor(code) + ') instead')
  }
  this.statusCode = code;
  return this;
} ::ffff:127.0.0.1 Guest {}
[2024-05-30 11:10:19] [error] GET /favicon.ico function status(code) {
  if ((typeof code === 'string' || Math.floor(code) !== code) && code > 99 && code < 1000) {
    deprecate('res.status(' + JSON.stringify(code) + '): use res.status(' + Math.floor(code) + ') instead')
  }
  this.statusCode = code;
  return this;
} ::ffff:127.0.0.1 Guest {}
[2024-05-30 11:10:22] [error] GET /favicon.ico function status(code) {
  if ((typeof code === 'string' || Math.floor(code) !== code) && code > 99 && code < 1000) {
    deprecate('res.status(' + JSON.stringify(code) + '): use res.status(' + Math.floor(code) + ') instead')
  }
  this.statusCode = code;
  return this;
} ::ffff:127.0.0.1 Guest {}
[2024-05-30 11:10:41] [error] GET /favicon.ico function status(code) {
  if ((typeof code === 'string' || Math.floor(code) !== code) && code > 99 && code < 1000) {
    deprecate('res.status(' + JSON.stringify(code) + '): use res.status(' + Math.floor(code) + ') instead')
  }
  this.statusCode = code;
  return this;
} ::ffff:127.0.0.1 Guest {}
[2024-05-30 11:11:27] [error] GET /favicon.ico function status(code) {
  if ((typeof code === 'string' || Math.floor(code) !== code) && code > 99 && code < 1000) {
    deprecate('res.status(' + JSON.stringify(code) + '): use res.status(' + Math.floor(code) + ') instead')
  }
  this.statusCode = code;
  return this;
} ::ffff:127.0.0.1 Guest {}
[2024-05-30 11:11:29] [error] GET /favicon.ico function status(code) {
  if ((typeof code === 'string' || Math.floor(code) !== code) && code > 99 && code < 1000) {
    deprecate('res.status(' + JSON.stringify(code) + '): use res.status(' + Math.floor(code) + ') instead')
  }
  this.statusCode = code;
  return this;
} ::ffff:127.0.0.1 Guest {}
[2024-05-30 11:12:05] [error] GET /favicon.ico function status(code) {
  if ((typeof code === 'string' || Math.floor(code) !== code) && code > 99 && code < 1000) {
    deprecate('res.status(' + JSON.stringify(code) + '): use res.status(' + Math.floor(code) + ') instead')
  }
  this.statusCode = code;
  return this;
} ::1 Guest {}
[2024-05-30 11:53:23] [error] GET /favicon.ico function status(code) {
  if ((typeof code === 'string' || Math.floor(code) !== code) && code > 99 && code < 1000) {
    deprecate('res.status(' + JSON.stringify(code) + '): use res.status(' + Math.floor(code) + ') instead')
  }
  this.statusCode = code;
  return this;
} ::ffff:127.0.0.1 Guest {}
[2024-05-30 11:54:26] [error] GET /favicon.ico function status(code) {
  if ((typeof code === 'string' || Math.floor(code) !== code) && code > 99 && code < 1000) {
    deprecate('res.status(' + JSON.stringify(code) + '): use res.status(' + Math.floor(code) + ') instead')
  }
  this.statusCode = code;
  return this;
} ::ffff:127.0.0.1 Guest {}
[2024-05-30 12:23:24] [error] GET /favicon.ico function status(code) {
  if ((typeof code === 'string' || Math.floor(code) !== code) && code > 99 && code < 1000) {
    deprecate('res.status(' + JSON.stringify(code) + '): use res.status(' + Math.floor(code) + ') instead')
  }
  this.statusCode = code;
  return this;
} ::ffff:127.0.0.1 Guest {}
[2024-05-30 16:06:26] [error] GET /api/blogs/posts?firstname=Emeka&email=emeka@example.com 500 ::ffff:127.0.0.1 Guest "Error: \"firstname\" is not allowed\n    at validate (file:///C:/Users/josem/Desktop/EXAM_BLOGGING-API/server/src/utils/index.js:36:13)\n    at getAllPublishedBlogs (file:///C:/Users/josem/Desktop/EXAM_BLOGGING-API/server/src/controllers/blog.controller.js:79:18)\n    at file:///C:/Users/josem/Desktop/EXAM_BLOGGING-API/server/src/utils/index.js:23:13\n    at newFn (C:\\Users\\josem\\Desktop\\EXAM_BLOGGING-API\\server\\node_modules\\express-async-errors\\index.js:16:20)\n    at Layer.handle [as handle_request] (C:\\Users\\josem\\Desktop\\EXAM_BLOGGING-API\\server\\node_modules\\express\\lib\\router\\layer.js:95:5)\n    at next (C:\\Users\\josem\\Desktop\\EXAM_BLOGGING-API\\server\\node_modules\\express\\lib\\router\\route.js:149:13)\n    at Route.dispatch (C:\\Users\\josem\\Desktop\\EXAM_BLOGGING-API\\server\\node_modules\\express\\lib\\router\\route.js:119:3)\n    at newFn (C:\\Users\\josem\\Desktop\\EXAM_BLOGGING-API\\server\\node_modules\\express-async-errors\\index.js:16:20)\n    at Layer.handle [as handle_request] (C:\\Users\\josem\\Desktop\\EXAM_BLOGGING-API\\server\\node_modules\\express\\lib\\router\\layer.js:95:5)\n    at C:\\Users\\josem\\Desktop\\EXAM_BLOGGING-API\\server\\node_modules\\express\\lib\\router\\index.js:284:15"{}
[2024-05-30 16:06:26] [error] GET /favicon.ico function status(code) {
  if ((typeof code === 'string' || Math.floor(code) !== code) && code > 99 && code < 1000) {
    deprecate('res.status(' + JSON.stringify(code) + '): use res.status(' + Math.floor(code) + ') instead')
  }
  this.statusCode = code;
  return this;
} ::ffff:127.0.0.1 Guest {}
[2024-05-30 16:07:27] [error] GET /api/blogs/posts?name=Emeka&email=emeka@example.com 500 ::ffff:127.0.0.1 Guest "Error: \"name\" is not allowed\n    at validate (file:///C:/Users/josem/Desktop/EXAM_BLOGGING-API/server/src/utils/index.js:36:13)\n    at getAllPublishedBlogs (file:///C:/Users/josem/Desktop/EXAM_BLOGGING-API/server/src/controllers/blog.controller.js:79:18)\n    at file:///C:/Users/josem/Desktop/EXAM_BLOGGING-API/server/src/utils/index.js:23:13\n    at newFn (C:\\Users\\josem\\Desktop\\EXAM_BLOGGING-API\\server\\node_modules\\express-async-errors\\index.js:16:20)\n    at Layer.handle [as handle_request] (C:\\Users\\josem\\Desktop\\EXAM_BLOGGING-API\\server\\node_modules\\express\\lib\\router\\layer.js:95:5)\n    at next (C:\\Users\\josem\\Desktop\\EXAM_BLOGGING-API\\server\\node_modules\\express\\lib\\router\\route.js:149:13)\n    at Route.dispatch (C:\\Users\\josem\\Desktop\\EXAM_BLOGGING-API\\server\\node_modules\\express\\lib\\router\\route.js:119:3)\n    at newFn (C:\\Users\\josem\\Desktop\\EXAM_BLOGGING-API\\server\\node_modules\\express-async-errors\\index.js:16:20)\n    at Layer.handle [as handle_request] (C:\\Users\\josem\\Desktop\\EXAM_BLOGGING-API\\server\\node_modules\\express\\lib\\router\\layer.js:95:5)\n    at C:\\Users\\josem\\Desktop\\EXAM_BLOGGING-API\\server\\node_modules\\express\\lib\\router\\index.js:284:15"{}
[2024-05-30 16:07:27] [error] GET /favicon.ico function status(code) {
  if ((typeof code === 'string' || Math.floor(code) !== code) && code > 99 && code < 1000) {
    deprecate('res.status(' + JSON.stringify(code) + '): use res.status(' + Math.floor(code) + ') instead')
  }
  this.statusCode = code;
  return this;
} ::ffff:127.0.0.1 Guest {}
[2024-05-30 16:23:04] [error] GET /api/blogs/posts?name=Emeka&email=emeka@example.com 500 ::ffff:127.0.0.1 Guest "ReferenceError: query is not defined\n    at getAllPublishedBlogs (file:///C:/Users/josem/Desktop/EXAM_BLOGGING-API/server/src/controllers/blog.controller.js:87:3)\n    at file:///C:/Users/josem/Desktop/EXAM_BLOGGING-API/server/src/utils/index.js:23:13\n    at newFn (C:\\Users\\josem\\Desktop\\EXAM_BLOGGING-API\\server\\node_modules\\express-async-errors\\index.js:16:20)\n    at Layer.handle [as handle_request] (C:\\Users\\josem\\Desktop\\EXAM_BLOGGING-API\\server\\node_modules\\express\\lib\\router\\layer.js:95:5)\n    at next (C:\\Users\\josem\\Desktop\\EXAM_BLOGGING-API\\server\\node_modules\\express\\lib\\router\\route.js:149:13)\n    at Route.dispatch (C:\\Users\\josem\\Desktop\\EXAM_BLOGGING-API\\server\\node_modules\\express\\lib\\router\\route.js:119:3)\n    at newFn (C:\\Users\\josem\\Desktop\\EXAM_BLOGGING-API\\server\\node_modules\\express-async-errors\\index.js:16:20)\n    at Layer.handle [as handle_request] (C:\\Users\\josem\\Desktop\\EXAM_BLOGGING-API\\server\\node_modules\\express\\lib\\router\\layer.js:95:5)\n    at C:\\Users\\josem\\Desktop\\EXAM_BLOGGING-API\\server\\node_modules\\express\\lib\\router\\index.js:284:15\n    at Function.process_params (C:\\Users\\josem\\Desktop\\EXAM_BLOGGING-API\\server\\node_modules\\express\\lib\\router\\index.js:346:12)"{}
[2024-05-30 16:23:04] [error] GET /favicon.ico function status(code) {
  if ((typeof code === 'string' || Math.floor(code) !== code) && code > 99 && code < 1000) {
    deprecate('res.status(' + JSON.stringify(code) + '): use res.status(' + Math.floor(code) + ') instead')
  }
  this.statusCode = code;
  return this;
} ::ffff:127.0.0.1 Guest {}
[2024-05-30 16:24:08] [error] GET /api/blogs/posts?name=Emeka&email=emeka@example.com 500 ::ffff:127.0.0.1 Guest "ReferenceError: author is not defined\n    at getAllPublishedBlogs (file:///C:/Users/josem/Desktop/EXAM_BLOGGING-API/server/src/controllers/blog.controller.js:84:26)\n    at file:///C:/Users/josem/Desktop/EXAM_BLOGGING-API/server/src/utils/index.js:23:13\n    at newFn (C:\\Users\\josem\\Desktop\\EXAM_BLOGGING-API\\server\\node_modules\\express-async-errors\\index.js:16:20)\n    at Layer.handle [as handle_request] (C:\\Users\\josem\\Desktop\\EXAM_BLOGGING-API\\server\\node_modules\\express\\lib\\router\\layer.js:95:5)\n    at next (C:\\Users\\josem\\Desktop\\EXAM_BLOGGING-API\\server\\node_modules\\express\\lib\\router\\route.js:149:13)\n    at Route.dispatch (C:\\Users\\josem\\Desktop\\EXAM_BLOGGING-API\\server\\node_modules\\express\\lib\\router\\route.js:119:3)\n    at newFn (C:\\Users\\josem\\Desktop\\EXAM_BLOGGING-API\\server\\node_modules\\express-async-errors\\index.js:16:20)\n    at Layer.handle [as handle_request] (C:\\Users\\josem\\Desktop\\EXAM_BLOGGING-API\\server\\node_modules\\express\\lib\\router\\layer.js:95:5)\n    at C:\\Users\\josem\\Desktop\\EXAM_BLOGGING-API\\server\\node_modules\\express\\lib\\router\\index.js:284:15\n    at Function.process_params (C:\\Users\\josem\\Desktop\\EXAM_BLOGGING-API\\server\\node_modules\\express\\lib\\router\\index.js:346:12)"{}
[2024-05-30 16:24:08] [error] GET /favicon.ico function status(code) {
  if ((typeof code === 'string' || Math.floor(code) !== code) && code > 99 && code < 1000) {
    deprecate('res.status(' + JSON.stringify(code) + '): use res.status(' + Math.floor(code) + ') instead')
  }
  this.statusCode = code;
  return this;
} ::ffff:127.0.0.1 Guest {}
[2024-05-30 16:24:28] [error] GET /api/blogs/posts?name=Emeka&email=emeka@example.com 500 ::ffff:127.0.0.1 Guest "ReferenceError: author is not defined\n    at getAllPublishedBlogs (file:///C:/Users/josem/Desktop/EXAM_BLOGGING-API/server/src/controllers/blog.controller.js:84:26)\n    at file:///C:/Users/josem/Desktop/EXAM_BLOGGING-API/server/src/utils/index.js:23:13\n    at newFn (C:\\Users\\josem\\Desktop\\EXAM_BLOGGING-API\\server\\node_modules\\express-async-errors\\index.js:16:20)\n    at Layer.handle [as handle_request] (C:\\Users\\josem\\Desktop\\EXAM_BLOGGING-API\\server\\node_modules\\express\\lib\\router\\layer.js:95:5)\n    at next (C:\\Users\\josem\\Desktop\\EXAM_BLOGGING-API\\server\\node_modules\\express\\lib\\router\\route.js:149:13)\n    at Route.dispatch (C:\\Users\\josem\\Desktop\\EXAM_BLOGGING-API\\server\\node_modules\\express\\lib\\router\\route.js:119:3)\n    at newFn (C:\\Users\\josem\\Desktop\\EXAM_BLOGGING-API\\server\\node_modules\\express-async-errors\\index.js:16:20)\n    at Layer.handle [as handle_request] (C:\\Users\\josem\\Desktop\\EXAM_BLOGGING-API\\server\\node_modules\\express\\lib\\router\\layer.js:95:5)\n    at C:\\Users\\josem\\Desktop\\EXAM_BLOGGING-API\\server\\node_modules\\express\\lib\\router\\index.js:284:15\n    at Function.process_params (C:\\Users\\josem\\Desktop\\EXAM_BLOGGING-API\\server\\node_modules\\express\\lib\\router\\index.js:346:12)"{}
[2024-05-30 16:24:28] [error] GET /favicon.ico function status(code) {
  if ((typeof code === 'string' || Math.floor(code) !== code) && code > 99 && code < 1000) {
    deprecate('res.status(' + JSON.stringify(code) + '): use res.status(' + Math.floor(code) + ') instead')
  }
  this.statusCode = code;
  return this;
} ::ffff:127.0.0.1 Guest {}
[2024-05-30 16:25:08] [error] GET /api/blogs/posts?name=Emeka&email=emeka@example.com 500 ::ffff:127.0.0.1 Guest "ReferenceError: query is not defined\n    at getAllPublishedBlogs (file:///C:/Users/josem/Desktop/EXAM_BLOGGING-API/server/src/controllers/blog.controller.js:87:3)\n    at file:///C:/Users/josem/Desktop/EXAM_BLOGGING-API/server/src/utils/index.js:23:13\n    at newFn (C:\\Users\\josem\\Desktop\\EXAM_BLOGGING-API\\server\\node_modules\\express-async-errors\\index.js:16:20)\n    at Layer.handle [as handle_request] (C:\\Users\\josem\\Desktop\\EXAM_BLOGGING-API\\server\\node_modules\\express\\lib\\router\\layer.js:95:5)\n    at next (C:\\Users\\josem\\Desktop\\EXAM_BLOGGING-API\\server\\node_modules\\express\\lib\\router\\route.js:149:13)\n    at Route.dispatch (C:\\Users\\josem\\Desktop\\EXAM_BLOGGING-API\\server\\node_modules\\express\\lib\\router\\route.js:119:3)\n    at newFn (C:\\Users\\josem\\Desktop\\EXAM_BLOGGING-API\\server\\node_modules\\express-async-errors\\index.js:16:20)\n    at Layer.handle [as handle_request] (C:\\Users\\josem\\Desktop\\EXAM_BLOGGING-API\\server\\node_modules\\express\\lib\\router\\layer.js:95:5)\n    at C:\\Users\\josem\\Desktop\\EXAM_BLOGGING-API\\server\\node_modules\\express\\lib\\router\\index.js:284:15\n    at Function.process_params (C:\\Users\\josem\\Desktop\\EXAM_BLOGGING-API\\server\\node_modules\\express\\lib\\router\\index.js:346:12)"{}
[2024-05-30 16:25:08] [error] GET /favicon.ico function status(code) {
  if ((typeof code === 'string' || Math.floor(code) !== code) && code > 99 && code < 1000) {
    deprecate('res.status(' + JSON.stringify(code) + '): use res.status(' + Math.floor(code) + ') instead')
  }
  this.statusCode = code;
  return this;
} ::ffff:127.0.0.1 Guest {}
[2024-05-30 16:29:27] [error] GET /api/blogs/posts?name=Emeka&email=emeka@example.com 500 ::ffff:127.0.0.1 Guest "ReferenceError: query is not defined\n    at getAllPublishedBlogs (file:///C:/Users/josem/Desktop/EXAM_BLOGGING-API/server/src/controllers/blog.controller.js:89:23)\n    at file:///C:/Users/josem/Desktop/EXAM_BLOGGING-API/server/src/utils/index.js:23:13\n    at newFn (C:\\Users\\josem\\Desktop\\EXAM_BLOGGING-API\\server\\node_modules\\express-async-errors\\index.js:16:20)\n    at Layer.handle [as handle_request] (C:\\Users\\josem\\Desktop\\EXAM_BLOGGING-API\\server\\node_modules\\express\\lib\\router\\layer.js:95:5)\n    at next (C:\\Users\\josem\\Desktop\\EXAM_BLOGGING-API\\server\\node_modules\\express\\lib\\router\\route.js:149:13)\n    at Route.dispatch (C:\\Users\\josem\\Desktop\\EXAM_BLOGGING-API\\server\\node_modules\\express\\lib\\router\\route.js:119:3)\n    at newFn (C:\\Users\\josem\\Desktop\\EXAM_BLOGGING-API\\server\\node_modules\\express-async-errors\\index.js:16:20)\n    at Layer.handle [as handle_request] (C:\\Users\\josem\\Desktop\\EXAM_BLOGGING-API\\server\\node_modules\\express\\lib\\router\\layer.js:95:5)\n    at C:\\Users\\josem\\Desktop\\EXAM_BLOGGING-API\\server\\node_modules\\express\\lib\\router\\index.js:284:15\n    at Function.process_params (C:\\Users\\josem\\Desktop\\EXAM_BLOGGING-API\\server\\node_modules\\express\\lib\\router\\index.js:346:12)"{}
[2024-05-30 16:29:27] [error] GET /favicon.ico function status(code) {
  if ((typeof code === 'string' || Math.floor(code) !== code) && code > 99 && code < 1000) {
    deprecate('res.status(' + JSON.stringify(code) + '): use res.status(' + Math.floor(code) + ') instead')
  }
  this.statusCode = code;
  return this;
} ::ffff:127.0.0.1 Guest {}
[2024-05-30 16:29:30] [error] GET /api/blogs/posts?name=Emeka&email=emeka@example.com 500 ::ffff:127.0.0.1 Guest "ReferenceError: query is not defined\n    at getAllPublishedBlogs (file:///C:/Users/josem/Desktop/EXAM_BLOGGING-API/server/src/controllers/blog.controller.js:89:23)\n    at file:///C:/Users/josem/Desktop/EXAM_BLOGGING-API/server/src/utils/index.js:23:13\n    at newFn (C:\\Users\\josem\\Desktop\\EXAM_BLOGGING-API\\server\\node_modules\\express-async-errors\\index.js:16:20)\n    at Layer.handle [as handle_request] (C:\\Users\\josem\\Desktop\\EXAM_BLOGGING-API\\server\\node_modules\\express\\lib\\router\\layer.js:95:5)\n    at next (C:\\Users\\josem\\Desktop\\EXAM_BLOGGING-API\\server\\node_modules\\express\\lib\\router\\route.js:149:13)\n    at Route.dispatch (C:\\Users\\josem\\Desktop\\EXAM_BLOGGING-API\\server\\node_modules\\express\\lib\\router\\route.js:119:3)\n    at newFn (C:\\Users\\josem\\Desktop\\EXAM_BLOGGING-API\\server\\node_modules\\express-async-errors\\index.js:16:20)\n    at Layer.handle [as handle_request] (C:\\Users\\josem\\Desktop\\EXAM_BLOGGING-API\\server\\node_modules\\express\\lib\\router\\layer.js:95:5)\n    at C:\\Users\\josem\\Desktop\\EXAM_BLOGGING-API\\server\\node_modules\\express\\lib\\router\\index.js:284:15\n    at Function.process_params (C:\\Users\\josem\\Desktop\\EXAM_BLOGGING-API\\server\\node_modules\\express\\lib\\router\\index.js:346:12)"{}
[2024-05-30 16:29:30] [error] GET /favicon.ico function status(code) {
  if ((typeof code === 'string' || Math.floor(code) !== code) && code > 99 && code < 1000) {
    deprecate('res.status(' + JSON.stringify(code) + '): use res.status(' + Math.floor(code) + ') instead')
  }
  this.statusCode = code;
  return this;
} ::ffff:127.0.0.1 Guest {}
[2024-05-30 16:29:43] [error] GET /api/blogs/posts?name=Emeka&email=emeka@example.com 500 ::ffff:127.0.0.1 Guest "ReferenceError: whereQuery is not defined\n    at getAllPublishedBlogsService (file:///C:/Users/josem/Desktop/EXAM_BLOGGING-API/server/src/services/blog.service.js:72:33)\n    at getAllPublishedBlogs (file:///C:/Users/josem/Desktop/EXAM_BLOGGING-API/server/src/controllers/blog.controller.js:109:37)\n    at process.processTicksAndRejections (node:internal/process/task_queues:95:5)\n    at async file:///C:/Users/josem/Desktop/EXAM_BLOGGING-API/server/src/utils/index.js:23:7"{}
[2024-05-30 16:29:43] [error] GET /favicon.ico function status(code) {
  if ((typeof code === 'string' || Math.floor(code) !== code) && code > 99 && code < 1000) {
    deprecate('res.status(' + JSON.stringify(code) + '): use res.status(' + Math.floor(code) + ') instead')
  }
  this.statusCode = code;
  return this;
} ::1 Guest {}
[2024-05-30 16:29:54] [error] GET /api/blogs/posts?name=Emeka&email=emeka@example.com 500 ::ffff:127.0.0.1 Guest "ReferenceError: whereQuery is not defined\n    at getAllPublishedBlogsService (file:///C:/Users/josem/Desktop/EXAM_BLOGGING-API/server/src/services/blog.service.js:72:33)\n    at getAllPublishedBlogs (file:///C:/Users/josem/Desktop/EXAM_BLOGGING-API/server/src/controllers/blog.controller.js:109:37)\n    at process.processTicksAndRejections (node:internal/process/task_queues:95:5)\n    at async file:///C:/Users/josem/Desktop/EXAM_BLOGGING-API/server/src/utils/index.js:23:7"{}
[2024-05-30 16:29:54] [error] GET /favicon.ico function status(code) {
  if ((typeof code === 'string' || Math.floor(code) !== code) && code > 99 && code < 1000) {
    deprecate('res.status(' + JSON.stringify(code) + '): use res.status(' + Math.floor(code) + ') instead')
  }
  this.statusCode = code;
  return this;
} ::ffff:127.0.0.1 Guest {}
[2024-05-30 16:30:47] [error] GET /api/blogs/posts?name=Emeka&email=emeka@example.com 500 ::ffff:127.0.0.1 Guest "ReferenceError: whereQuery is not defined\n    at getAllPublishedBlogsService (file:///C:/Users/josem/Desktop/EXAM_BLOGGING-API/server/src/services/blog.service.js:72:33)\n    at getAllPublishedBlogs (file:///C:/Users/josem/Desktop/EXAM_BLOGGING-API/server/src/controllers/blog.controller.js:110:37)\n    at process.processTicksAndRejections (node:internal/process/task_queues:95:5)\n    at async file:///C:/Users/josem/Desktop/EXAM_BLOGGING-API/server/src/utils/index.js:23:7"{}
[2024-05-30 16:30:47] [error] GET /favicon.ico function status(code) {
  if ((typeof code === 'string' || Math.floor(code) !== code) && code > 99 && code < 1000) {
    deprecate('res.status(' + JSON.stringify(code) + '): use res.status(' + Math.floor(code) + ') instead')
  }
  this.statusCode = code;
  return this;
} ::ffff:127.0.0.1 Guest {}
[2024-05-30 16:31:39] [error] GET /api/blogs/posts?name=Emeka&email=emeka@example.com 500 ::ffff:127.0.0.1 Guest "ReferenceError: whereQuery is not defined\n    at getAllPublishedBlogsService (file:///C:/Users/josem/Desktop/EXAM_BLOGGING-API/server/src/services/blog.service.js:72:33)\n    at getAllPublishedBlogs (file:///C:/Users/josem/Desktop/EXAM_BLOGGING-API/server/src/controllers/blog.controller.js:110:37)\n    at process.processTicksAndRejections (node:internal/process/task_queues:95:5)\n    at async file:///C:/Users/josem/Desktop/EXAM_BLOGGING-API/server/src/utils/index.js:23:7"{}
[2024-05-30 16:31:39] [error] GET /favicon.ico function status(code) {
  if ((typeof code === 'string' || Math.floor(code) !== code) && code > 99 && code < 1000) {
    deprecate('res.status(' + JSON.stringify(code) + '): use res.status(' + Math.floor(code) + ') instead')
  }
  this.statusCode = code;
  return this;
} ::ffff:127.0.0.1 Guest {}
[2024-05-30 16:40:33] [error] GET /api/blogs/posts?name=Emeka&email=emeka@example.com 500 ::ffff:127.0.0.1 Guest "ReferenceError: name is not defined\n    at getAllPublishedBlogs (file:///C:/Users/josem/Desktop/EXAM_BLOGGING-API/server/src/controllers/blog.controller.js:116:5)\n    at process.processTicksAndRejections (node:internal/process/task_queues:95:5)\n    at async file:///C:/Users/josem/Desktop/EXAM_BLOGGING-API/server/src/utils/index.js:23:7"{}
[2024-05-30 16:40:33] [error] GET /favicon.ico function status(code) {
  if ((typeof code === 'string' || Math.floor(code) !== code) && code > 99 && code < 1000) {
    deprecate('res.status(' + JSON.stringify(code) + '): use res.status(' + Math.floor(code) + ') instead')
  }
  this.statusCode = code;
  return this;
} ::ffff:127.0.0.1 Guest {}
[2024-05-30 16:42:01] [error] GET /api/blogs/posts?name=Emeka&email=emeka@example.com 500 ::ffff:127.0.0.1 Guest "ReferenceError: name is not defined\n    at getAllPublishedBlogs (file:///C:/Users/josem/Desktop/EXAM_BLOGGING-API/server/src/controllers/blog.controller.js:117:5)\n    at process.processTicksAndRejections (node:internal/process/task_queues:95:5)\n    at async file:///C:/Users/josem/Desktop/EXAM_BLOGGING-API/server/src/utils/index.js:23:7"{}
[2024-05-30 16:42:01] [error] GET /favicon.ico function status(code) {
  if ((typeof code === 'string' || Math.floor(code) !== code) && code > 99 && code < 1000) {
    deprecate('res.status(' + JSON.stringify(code) + '): use res.status(' + Math.floor(code) + ') instead')
  }
  this.statusCode = code;
  return this;
} ::ffff:127.0.0.1 Guest {}
[2024-05-30 16:42:50] [error] GET /api/blogs/posts?name=Emeka&email=emeka@example.com 500 ::1 Guest "ReferenceError: name is not defined\n    at getAllPublishedBlogs (file:///C:/Users/josem/Desktop/EXAM_BLOGGING-API/server/src/controllers/blog.controller.js:117:5)\n    at process.processTicksAndRejections (node:internal/process/task_queues:95:5)\n    at async file:///C:/Users/josem/Desktop/EXAM_BLOGGING-API/server/src/utils/index.js:23:7"{}
[2024-05-30 16:42:50] [error] GET /favicon.ico function status(code) {
  if ((typeof code === 'string' || Math.floor(code) !== code) && code > 99 && code < 1000) {
    deprecate('res.status(' + JSON.stringify(code) + '): use res.status(' + Math.floor(code) + ') instead')
  }
  this.statusCode = code;
  return this;
} ::1 Guest {}
[2024-05-30 16:43:36] [error] GET /api/blogs/posts?name=Emeka&email=emeka@example.com 500 ::1 Guest "ReferenceError: whereQuery is not defined\n    at getAllPublishedBlogsService (file:///C:/Users/josem/Desktop/EXAM_BLOGGING-API/server/src/services/blog.service.js:73:33)\n    at getAllPublishedBlogs (file:///C:/Users/josem/Desktop/EXAM_BLOGGING-API/server/src/controllers/blog.controller.js:111:37)\n    at process.processTicksAndRejections (node:internal/process/task_queues:95:5)\n    at async file:///C:/Users/josem/Desktop/EXAM_BLOGGING-API/server/src/utils/index.js:23:7"{}
[2024-05-30 16:43:36] [error] GET /favicon.ico function status(code) {
  if ((typeof code === 'string' || Math.floor(code) !== code) && code > 99 && code < 1000) {
    deprecate('res.status(' + JSON.stringify(code) + '): use res.status(' + Math.floor(code) + ') instead')
  }
  this.statusCode = code;
  return this;
} ::1 Guest {}
[2024-05-30 16:44:03] [error] GET /favicon.ico function status(code) {
  if ((typeof code === 'string' || Math.floor(code) !== code) && code > 99 && code < 1000) {
    deprecate('res.status(' + JSON.stringify(code) + '): use res.status(' + Math.floor(code) + ') instead')
  }
  this.statusCode = code;
  return this;
} ::ffff:127.0.0.1 Guest {}
[2024-05-30 16:47:14] [error] GET /api/blogs/posts?name=Emeka&email=emeka@example.com 500 ::ffff:127.0.0.1 Guest "Error: \"name\" is not allowed\n    at validate (file:///C:/Users/josem/Desktop/EXAM_BLOGGING-API/server/src/utils/index.js:36:13)\n    at getAllPublishedBlogs (file:///C:/Users/josem/Desktop/EXAM_BLOGGING-API/server/src/controllers/blog.controller.js:79:19)\n    at file:///C:/Users/josem/Desktop/EXAM_BLOGGING-API/server/src/utils/index.js:23:13\n    at newFn (C:\\Users\\josem\\Desktop\\EXAM_BLOGGING-API\\server\\node_modules\\express-async-errors\\index.js:16:20)\n    at Layer.handle [as handle_request] (C:\\Users\\josem\\Desktop\\EXAM_BLOGGING-API\\server\\node_modules\\express\\lib\\router\\layer.js:95:5)\n    at next (C:\\Users\\josem\\Desktop\\EXAM_BLOGGING-API\\server\\node_modules\\express\\lib\\router\\route.js:149:13)\n    at Route.dispatch (C:\\Users\\josem\\Desktop\\EXAM_BLOGGING-API\\server\\node_modules\\express\\lib\\router\\route.js:119:3)\n    at newFn (C:\\Users\\josem\\Desktop\\EXAM_BLOGGING-API\\server\\node_modules\\express-async-errors\\index.js:16:20)\n    at Layer.handle [as handle_request] (C:\\Users\\josem\\Desktop\\EXAM_BLOGGING-API\\server\\node_modules\\express\\lib\\router\\layer.js:95:5)\n    at C:\\Users\\josem\\Desktop\\EXAM_BLOGGING-API\\server\\node_modules\\express\\lib\\router\\index.js:284:15"{}
[2024-05-30 16:47:15] [error] GET /favicon.ico function status(code) {
  if ((typeof code === 'string' || Math.floor(code) !== code) && code > 99 && code < 1000) {
    deprecate('res.status(' + JSON.stringify(code) + '): use res.status(' + Math.floor(code) + ') instead')
  }
  this.statusCode = code;
  return this;
} ::1 Guest {}
[2024-05-30 16:47:40] [error] GET /api/blogs/posts 500 ::ffff:127.0.0.1 Guest "ReferenceError: Cannot access 'blogs' before initialization\n    at getAllPublishedBlogs (file:///C:/Users/josem/Desktop/EXAM_BLOGGING-API/server/src/controllers/blog.controller.js:99:29)\n    at process.processTicksAndRejections (node:internal/process/task_queues:95:5)\n    at async file:///C:/Users/josem/Desktop/EXAM_BLOGGING-API/server/src/utils/index.js:23:7"{}
[2024-05-30 16:47:40] [error] GET /favicon.ico function status(code) {
  if ((typeof code === 'string' || Math.floor(code) !== code) && code > 99 && code < 1000) {
    deprecate('res.status(' + JSON.stringify(code) + '): use res.status(' + Math.floor(code) + ') instead')
  }
  this.statusCode = code;
  return this;
} ::ffff:127.0.0.1 Guest {}
